<?xml version="1.0" encoding="UTF-8"?>
<!-- Generated by org.testng.reporters.JUnitReportReporter -->
<testsuite hostname="DESKTOP-DSBT63E" failures="0" tests="1" name="com.cucumber.TestRunner.UserDashboardRecentCertificateGenerationsRunner" time="10.099" errors="0" timestamp="29 Mar 2024 09:44:10 GMT">
  <testcase classname="com.cucumber.TestRunner.UserDashboardRecentCertificateGenerationsRunner" name="feature" time="10.099"/>
</testsuite> <!-- com.cucumber.TestRunner.UserDashboardRecentCertificateGenerationsRunner -->
