<?xml version="1.0" encoding="UTF-8"?>
<!-- Generated by org.testng.reporters.JUnitReportReporter -->
<testsuite hostname="DESKTOP-DSBT63E" failures="0" tests="1" name="com.cucumber.TestRunner.UserVerifiedCertificatesRunner" time="37.293" errors="0" timestamp="29 Mar 2024 06:02:47 GMT">
  <testcase classname="com.cucumber.TestRunner.UserVerifiedCertificatesRunner" name="feature" time="37.293"/>
</testsuite> <!-- com.cucumber.TestRunner.UserVerifiedCertificatesRunner -->
