<?xml version="1.0" encoding="UTF-8"?>
<!-- Generated by org.testng.reporters.JUnitReportReporter -->
<testsuite hostname="DESKTOP-DSBT63E" failures="0" tests="1" name="com.cucumber.TestRunner.UserGenerateSingleWithoutApprovalRunner" time="78.058" errors="0" timestamp="29 Mar 2024 06:02:47 GMT">
  <testcase classname="com.cucumber.TestRunner.UserGenerateSingleWithoutApprovalRunner" name="feature" time="78.058"/>
</testsuite> <!-- com.cucumber.TestRunner.UserGenerateSingleWithoutApprovalRunner -->
