<?xml version="1.0" encoding="UTF-8"?>
<!-- Generated by org.testng.reporters.JUnitReportReporter -->
<testsuite hostname="DESKTOP-DSBT63E" failures="0" tests="1" name="com.cucumber.TestRunner.AdminLaunchTheApplicationRunner" time="0.057" errors="0" timestamp="29 Mar 2024 09:44:10 GMT">
  <testcase classname="com.cucumber.TestRunner.AdminLaunchTheApplicationRunner" name="feature" time="0.057"/>
</testsuite> <!-- com.cucumber.TestRunner.AdminLaunchTheApplicationRunner -->
