<?xml version="1.0" encoding="UTF-8"?>
<!-- Generated by org.testng.reporters.JUnitReportReporter -->
<testsuite hostname="DESKTOP-DSBT63E" failures="0" tests="1" name="com.cucumber.TestRunner.UserBulkDashboardLinkRunner" time="18.121" errors="0" timestamp="29 Mar 2024 09:44:10 GMT">
  <testcase classname="com.cucumber.TestRunner.UserBulkDashboardLinkRunner" name="feature" time="18.121"/>
</testsuite> <!-- com.cucumber.TestRunner.UserBulkDashboardLinkRunner -->
