<?xml version="1.0" encoding="UTF-8"?>
<!-- Generated by org.testng.reporters.JUnitReportReporter -->
<testsuite hostname="DESKTOP-DSBT63E" failures="0" tests="1" name="com.cucumber.TestRunner.UserInternalPrintingUploadCSVFileWithoutStudentNameRunner" time="39.780" errors="0" timestamp="29 Mar 2024 09:44:10 GMT">
  <testcase classname="com.cucumber.TestRunner.UserInternalPrintingUploadCSVFileWithoutStudentNameRunner" name="feature" time="39.780"/>
</testsuite> <!-- com.cucumber.TestRunner.UserInternalPrintingUploadCSVFileWithoutStudentNameRunner -->
