<?xml version="1.0" encoding="UTF-8"?>
<!-- Generated by org.testng.reporters.JUnitReportReporter -->
<testsuite hostname="DESKTOP-DSBT63E" failures="0" tests="1" name="com.cucumber.TestRunner.UserGeneratedCertificatesWithoutEnablecheckboxesRunner" time="0.070" errors="0" timestamp="29 Mar 2024 06:02:47 GMT">
  <testcase classname="com.cucumber.TestRunner.UserGeneratedCertificatesWithoutEnablecheckboxesRunner" name="feature" time="0.070"/>
</testsuite> <!-- com.cucumber.TestRunner.UserGeneratedCertificatesWithoutEnablecheckboxesRunner -->
