<?xml version="1.0" encoding="UTF-8"?>
<!-- Generated by org.testng.reporters.JUnitReportReporter -->
<testsuite hostname="DESKTOP-DSBT63E" failures="0" tests="1" name="com.cucumber.TestRunner.UserInternalPrintingByUploadingCSVWithInvalidCertificateTypeRunner" time="10.080" errors="0" timestamp="29 Mar 2024 09:44:10 GMT">
  <testcase classname="com.cucumber.TestRunner.UserInternalPrintingByUploadingCSVWithInvalidCertificateTypeRunner" name="feature" time="10.080"/>
</testsuite> <!-- com.cucumber.TestRunner.UserInternalPrintingByUploadingCSVWithInvalidCertificateTypeRunner -->
